[debug] [2025-04-05T17:20:25.692Z] ----------------------------------------------------------------------
[debug] [2025-04-05T17:20:25.694Z] Command:       C:\Program Files\nodejs\node.exe C:\Users\Administrator\AppData\Roaming\npm\node_modules\firebase-tools\lib\bin\firebase.js deploy --only functions
[debug] [2025-04-05T17:20:25.694Z] CLI Version:   13.35.1
[debug] [2025-04-05T17:20:25.694Z] Platform:      win32
[debug] [2025-04-05T17:20:25.694Z] Node Version:  v18.20.7
[debug] [2025-04-05T17:20:25.695Z] Time:          Sat Apr 05 2025 20:20:25 GMT+0300 (Eastern European Summer Time)
[debug] [2025-04-05T17:20:25.695Z] ----------------------------------------------------------------------
[debug] 
[debug] [2025-04-05T17:20:25.839Z] > command requires scopes: ["email","openid","https://www.googleapis.com/auth/cloudplatformprojects.readonly","https://www.googleapis.com/auth/firebase","https://www.googleapis.com/auth/cloud-platform"]
[debug] [2025-04-05T17:20:25.840Z] > authorizing via signed-in user (enachesamira1@gmail.com)
[debug] [2025-04-05T17:20:25.840Z] [iam] checking project movies-455913 for permissions ["cloudfunctions.functions.create","cloudfunctions.functions.delete","cloudfunctions.functions.get","cloudfunctions.functions.list","cloudfunctions.functions.update","cloudfunctions.operations.get","firebase.projects.get"]
[debug] [2025-04-05T17:20:25.841Z] Checked if tokens are valid: true, expires at: 1743875695876
[debug] [2025-04-05T17:20:25.841Z] Checked if tokens are valid: true, expires at: 1743875695876
[debug] [2025-04-05T17:20:25.842Z] >>> [apiv2][query] POST https://cloudresourcemanager.googleapis.com/v1/projects/movies-455913:testIamPermissions [none]
[debug] [2025-04-05T17:20:25.842Z] >>> [apiv2][(partial)header] POST https://cloudresourcemanager.googleapis.com/v1/projects/movies-455913:testIamPermissions x-goog-quota-user=projects/movies-455913
[debug] [2025-04-05T17:20:25.842Z] >>> [apiv2][body] POST https://cloudresourcemanager.googleapis.com/v1/projects/movies-455913:testIamPermissions {"permissions":["cloudfunctions.functions.create","cloudfunctions.functions.delete","cloudfunctions.functions.get","cloudfunctions.functions.list","cloudfunctions.functions.update","cloudfunctions.operations.get","firebase.projects.get"]}
[debug] [2025-04-05T17:20:26.737Z] <<< [apiv2][status] POST https://cloudresourcemanager.googleapis.com/v1/projects/movies-455913:testIamPermissions 200
[debug] [2025-04-05T17:20:26.737Z] <<< [apiv2][body] POST https://cloudresourcemanager.googleapis.com/v1/projects/movies-455913:testIamPermissions {"permissions":["cloudfunctions.functions.create","cloudfunctions.functions.delete","cloudfunctions.functions.get","cloudfunctions.functions.list","cloudfunctions.functions.update","cloudfunctions.operations.get","firebase.projects.get"]}
[debug] [2025-04-05T17:20:26.738Z] Checked if tokens are valid: true, expires at: 1743875695876
[debug] [2025-04-05T17:20:26.738Z] Checked if tokens are valid: true, expires at: 1743875695876
[debug] [2025-04-05T17:20:26.738Z] >>> [apiv2][query] POST https://iam.googleapis.com/v1/projects/movies-455913/serviceAccounts/movies-455913@appspot.gserviceaccount.com:testIamPermissions [none]
[debug] [2025-04-05T17:20:26.738Z] >>> [apiv2][body] POST https://iam.googleapis.com/v1/projects/movies-455913/serviceAccounts/movies-455913@appspot.gserviceaccount.com:testIamPermissions {"permissions":["iam.serviceAccounts.actAs"]}
[debug] [2025-04-05T17:20:27.558Z] <<< [apiv2][status] POST https://iam.googleapis.com/v1/projects/movies-455913/serviceAccounts/movies-455913@appspot.gserviceaccount.com:testIamPermissions 200
[debug] [2025-04-05T17:20:27.559Z] <<< [apiv2][body] POST https://iam.googleapis.com/v1/projects/movies-455913/serviceAccounts/movies-455913@appspot.gserviceaccount.com:testIamPermissions {"permissions":["iam.serviceAccounts.actAs"]}
[info] 
[info] === Deploying to 'movies-455913'...
[info] 
[info] i  deploying functions 
[debug] [2025-04-05T17:20:27.566Z] Checked if tokens are valid: true, expires at: 1743875695876
[debug] [2025-04-05T17:20:27.566Z] Checked if tokens are valid: true, expires at: 1743875695876
[debug] [2025-04-05T17:20:27.567Z] >>> [apiv2][query] GET https://cloudresourcemanager.googleapis.com/v1/projects/movies-455913 [none]
[debug] [2025-04-05T17:20:28.414Z] <<< [apiv2][status] GET https://cloudresourcemanager.googleapis.com/v1/projects/movies-455913 200
[debug] [2025-04-05T17:20:28.414Z] <<< [apiv2][body] GET https://cloudresourcemanager.googleapis.com/v1/projects/movies-455913 {"projectNumber":"969193594135","projectId":"movies-455913","lifecycleState":"ACTIVE","name":"Movies","labels":{"firebase":"enabled","firebase-core":"disabled"},"createTime":"2025-04-05T13:10:45.120197Z"}
[info] i  functions: preparing codebase default for deployment 
[info] i  functions: ensuring required API cloudfunctions.googleapis.com is enabled... 
[debug] [2025-04-05T17:20:28.417Z] Checked if tokens are valid: true, expires at: 1743875695876
[debug] [2025-04-05T17:20:28.417Z] Checked if tokens are valid: true, expires at: 1743875695876
[debug] [2025-04-05T17:20:28.417Z] Checked if tokens are valid: true, expires at: 1743875695876
[debug] [2025-04-05T17:20:28.417Z] Checked if tokens are valid: true, expires at: 1743875695876
[info] i  functions: ensuring required API cloudbuild.googleapis.com is enabled... 
[debug] [2025-04-05T17:20:28.418Z] Checked if tokens are valid: true, expires at: 1743875695876
[debug] [2025-04-05T17:20:28.418Z] Checked if tokens are valid: true, expires at: 1743875695876
[info] i  artifactregistry: ensuring required API artifactregistry.googleapis.com is enabled... 
[debug] [2025-04-05T17:20:28.419Z] Checked if tokens are valid: true, expires at: 1743875695876
[debug] [2025-04-05T17:20:28.419Z] Checked if tokens are valid: true, expires at: 1743875695876
[debug] [2025-04-05T17:20:28.419Z] >>> [apiv2][query] GET https://serviceusage.googleapis.com/v1/projects/movies-455913/services/cloudfunctions.googleapis.com [none]
[debug] [2025-04-05T17:20:28.419Z] >>> [apiv2][(partial)header] GET https://serviceusage.googleapis.com/v1/projects/movies-455913/services/cloudfunctions.googleapis.com x-goog-quota-user=projects/movies-455913
[debug] [2025-04-05T17:20:28.420Z] >>> [apiv2][query] GET https://serviceusage.googleapis.com/v1/projects/movies-455913/services/runtimeconfig.googleapis.com [none]
[debug] [2025-04-05T17:20:28.420Z] >>> [apiv2][(partial)header] GET https://serviceusage.googleapis.com/v1/projects/movies-455913/services/runtimeconfig.googleapis.com x-goog-quota-user=projects/movies-455913
[debug] [2025-04-05T17:20:28.422Z] >>> [apiv2][query] GET https://serviceusage.googleapis.com/v1/projects/movies-455913/services/cloudbuild.googleapis.com [none]
[debug] [2025-04-05T17:20:28.422Z] >>> [apiv2][(partial)header] GET https://serviceusage.googleapis.com/v1/projects/movies-455913/services/cloudbuild.googleapis.com x-goog-quota-user=projects/movies-455913
[debug] [2025-04-05T17:20:28.424Z] >>> [apiv2][query] GET https://serviceusage.googleapis.com/v1/projects/movies-455913/services/artifactregistry.googleapis.com [none]
[debug] [2025-04-05T17:20:28.424Z] >>> [apiv2][(partial)header] GET https://serviceusage.googleapis.com/v1/projects/movies-455913/services/artifactregistry.googleapis.com x-goog-quota-user=projects/movies-455913
[debug] [2025-04-05T17:20:29.401Z] <<< [apiv2][status] GET https://serviceusage.googleapis.com/v1/projects/movies-455913/services/runtimeconfig.googleapis.com 200
[debug] [2025-04-05T17:20:29.401Z] <<< [apiv2][body] GET https://serviceusage.googleapis.com/v1/projects/movies-455913/services/runtimeconfig.googleapis.com [omitted]
[debug] [2025-04-05T17:20:29.406Z] <<< [apiv2][status] GET https://serviceusage.googleapis.com/v1/projects/movies-455913/services/artifactregistry.googleapis.com 200
[debug] [2025-04-05T17:20:29.407Z] <<< [apiv2][body] GET https://serviceusage.googleapis.com/v1/projects/movies-455913/services/artifactregistry.googleapis.com [omitted]
[info] +  artifactregistry: required API artifactregistry.googleapis.com is enabled 
[debug] [2025-04-05T17:20:29.423Z] <<< [apiv2][status] GET https://serviceusage.googleapis.com/v1/projects/movies-455913/services/cloudfunctions.googleapis.com 200
[debug] [2025-04-05T17:20:29.423Z] <<< [apiv2][body] GET https://serviceusage.googleapis.com/v1/projects/movies-455913/services/cloudfunctions.googleapis.com [omitted]
[info] +  functions: required API cloudfunctions.googleapis.com is enabled 
[debug] [2025-04-05T17:20:29.425Z] <<< [apiv2][status] GET https://serviceusage.googleapis.com/v1/projects/movies-455913/services/cloudbuild.googleapis.com 200
[debug] [2025-04-05T17:20:29.425Z] <<< [apiv2][body] GET https://serviceusage.googleapis.com/v1/projects/movies-455913/services/cloudbuild.googleapis.com [omitted]
[info] +  functions: required API cloudbuild.googleapis.com is enabled 
[debug] [2025-04-05T17:20:29.425Z] Checked if tokens are valid: true, expires at: 1743875695876
[debug] [2025-04-05T17:20:29.425Z] Checked if tokens are valid: true, expires at: 1743875695876
[debug] [2025-04-05T17:20:29.425Z] >>> [apiv2][query] GET https://firebase.googleapis.com/v1beta1/projects/movies-455913/adminSdkConfig [none]
[debug] [2025-04-05T17:20:29.793Z] <<< [apiv2][status] GET https://firebase.googleapis.com/v1beta1/projects/movies-455913/adminSdkConfig 200
[debug] [2025-04-05T17:20:29.794Z] <<< [apiv2][body] GET https://firebase.googleapis.com/v1beta1/projects/movies-455913/adminSdkConfig {"projectId":"movies-455913","storageBucket":"movies-455913.firebasestorage.app"}
[debug] [2025-04-05T17:20:29.795Z] Checked if tokens are valid: true, expires at: 1743875695876
[debug] [2025-04-05T17:20:29.795Z] Checked if tokens are valid: true, expires at: 1743875695876
[debug] [2025-04-05T17:20:29.795Z] >>> [apiv2][query] GET https://runtimeconfig.googleapis.com/v1beta1/projects/movies-455913/configs [none]
[debug] [2025-04-05T17:20:30.163Z] <<< [apiv2][status] GET https://runtimeconfig.googleapis.com/v1beta1/projects/movies-455913/configs 200
[debug] [2025-04-05T17:20:30.163Z] <<< [apiv2][body] GET https://runtimeconfig.googleapis.com/v1beta1/projects/movies-455913/configs {}
[debug] [2025-04-05T17:20:30.165Z] Customer code is not Node
[debug] [2025-04-05T17:20:30.165Z] Validating python source
[debug] [2025-04-05T17:20:30.166Z] Building python source
[info] i  functions: Loading and analyzing source code for codebase default to determine what to deploy 
[debug] [2025-04-05T17:20:30.167Z] Could not find functions.yaml. Must use http discovery
[debug] [2025-04-05T17:20:30.174Z] Running command with virtualenv: command="C:\Users\Administrator\PycharmProjects\CloudComputing HW3\functions\venv\Scripts\activate.bat", args=["","&&","python.exe","-c","\"import firebase_functions; import os; print(os.path.dirname(firebase_functions.__file__))\""]
[debug] [2025-04-05T17:20:30.192Z] stderr: The system cannot find the path specified.

[debug] [2025-04-05T17:20:30.802Z] Error: spawn "C:\Users\Administrator\PycharmProjects\CloudComputing HW3\functions\venv\Scripts\activate.bat" ENOENT
    at notFoundError (C:\Users\Administrator\AppData\Roaming\npm\node_modules\firebase-tools\node_modules\cross-spawn\lib\enoent.js:6:26)
    at verifyENOENT (C:\Users\Administrator\AppData\Roaming\npm\node_modules\firebase-tools\node_modules\cross-spawn\lib\enoent.js:40:16)
    at cp.emit (C:\Users\Administrator\AppData\Roaming\npm\node_modules\firebase-tools\node_modules\cross-spawn\lib\enoent.js:27:25)
    at ChildProcess._handle.onexit (node:internal/child_process:292:12)
[error] 
[error] Error: An unexpected error has occurred.
[debug] [2025-04-05T17:22:20.996Z] ----------------------------------------------------------------------
[debug] [2025-04-05T17:22:20.997Z] Command:       C:\Program Files\nodejs\node.exe C:\Users\Administrator\AppData\Roaming\npm\node_modules\firebase-tools\lib\bin\firebase.js deploy --only functions
[debug] [2025-04-05T17:22:20.998Z] CLI Version:   13.35.1
[debug] [2025-04-05T17:22:20.998Z] Platform:      win32
[debug] [2025-04-05T17:22:20.998Z] Node Version:  v18.20.7
[debug] [2025-04-05T17:22:20.999Z] Time:          Sat Apr 05 2025 20:22:20 GMT+0300 (Eastern European Summer Time)
[debug] [2025-04-05T17:22:20.999Z] ----------------------------------------------------------------------
[debug] 
[debug] [2025-04-05T17:22:21.146Z] > command requires scopes: ["email","openid","https://www.googleapis.com/auth/cloudplatformprojects.readonly","https://www.googleapis.com/auth/firebase","https://www.googleapis.com/auth/cloud-platform"]
[debug] [2025-04-05T17:22:21.146Z] > authorizing via signed-in user (enachesamira1@gmail.com)
[debug] [2025-04-05T17:22:21.146Z] [iam] checking project movies-455913 for permissions ["cloudfunctions.functions.create","cloudfunctions.functions.delete","cloudfunctions.functions.get","cloudfunctions.functions.list","cloudfunctions.functions.update","cloudfunctions.operations.get","firebase.projects.get"]
[debug] [2025-04-05T17:22:21.147Z] Checked if tokens are valid: true, expires at: 1743875695876
[debug] [2025-04-05T17:22:21.147Z] Checked if tokens are valid: true, expires at: 1743875695876
[debug] [2025-04-05T17:22:21.148Z] >>> [apiv2][query] POST https://cloudresourcemanager.googleapis.com/v1/projects/movies-455913:testIamPermissions [none]
[debug] [2025-04-05T17:22:21.148Z] >>> [apiv2][(partial)header] POST https://cloudresourcemanager.googleapis.com/v1/projects/movies-455913:testIamPermissions x-goog-quota-user=projects/movies-455913
[debug] [2025-04-05T17:22:21.148Z] >>> [apiv2][body] POST https://cloudresourcemanager.googleapis.com/v1/projects/movies-455913:testIamPermissions {"permissions":["cloudfunctions.functions.create","cloudfunctions.functions.delete","cloudfunctions.functions.get","cloudfunctions.functions.list","cloudfunctions.functions.update","cloudfunctions.operations.get","firebase.projects.get"]}
[debug] [2025-04-05T17:22:22.047Z] <<< [apiv2][status] POST https://cloudresourcemanager.googleapis.com/v1/projects/movies-455913:testIamPermissions 200
[debug] [2025-04-05T17:22:22.047Z] <<< [apiv2][body] POST https://cloudresourcemanager.googleapis.com/v1/projects/movies-455913:testIamPermissions {"permissions":["cloudfunctions.functions.create","cloudfunctions.functions.delete","cloudfunctions.functions.get","cloudfunctions.functions.list","cloudfunctions.functions.update","cloudfunctions.operations.get","firebase.projects.get"]}
[debug] [2025-04-05T17:22:22.047Z] Checked if tokens are valid: true, expires at: 1743875695876
[debug] [2025-04-05T17:22:22.047Z] Checked if tokens are valid: true, expires at: 1743875695876
[debug] [2025-04-05T17:22:22.047Z] >>> [apiv2][query] POST https://iam.googleapis.com/v1/projects/movies-455913/serviceAccounts/movies-455913@appspot.gserviceaccount.com:testIamPermissions [none]
[debug] [2025-04-05T17:22:22.047Z] >>> [apiv2][body] POST https://iam.googleapis.com/v1/projects/movies-455913/serviceAccounts/movies-455913@appspot.gserviceaccount.com:testIamPermissions {"permissions":["iam.serviceAccounts.actAs"]}
[debug] [2025-04-05T17:22:22.889Z] <<< [apiv2][status] POST https://iam.googleapis.com/v1/projects/movies-455913/serviceAccounts/movies-455913@appspot.gserviceaccount.com:testIamPermissions 200
[debug] [2025-04-05T17:22:22.889Z] <<< [apiv2][body] POST https://iam.googleapis.com/v1/projects/movies-455913/serviceAccounts/movies-455913@appspot.gserviceaccount.com:testIamPermissions {"permissions":["iam.serviceAccounts.actAs"]}
[info] 
[info] === Deploying to 'movies-455913'...
[info] 
[info] i  deploying functions 
[debug] [2025-04-05T17:22:22.895Z] Checked if tokens are valid: true, expires at: 1743875695876
[debug] [2025-04-05T17:22:22.895Z] Checked if tokens are valid: true, expires at: 1743875695876
[debug] [2025-04-05T17:22:22.895Z] >>> [apiv2][query] GET https://cloudresourcemanager.googleapis.com/v1/projects/movies-455913 [none]
[debug] [2025-04-05T17:22:23.777Z] <<< [apiv2][status] GET https://cloudresourcemanager.googleapis.com/v1/projects/movies-455913 200
[debug] [2025-04-05T17:22:23.777Z] <<< [apiv2][body] GET https://cloudresourcemanager.googleapis.com/v1/projects/movies-455913 {"projectNumber":"969193594135","projectId":"movies-455913","lifecycleState":"ACTIVE","name":"Movies","labels":{"firebase":"enabled","firebase-core":"disabled"},"createTime":"2025-04-05T13:10:45.120197Z"}
[info] i  functions: preparing codebase default for deployment 
[info] i  functions: ensuring required API cloudfunctions.googleapis.com is enabled... 
[debug] [2025-04-05T17:22:23.779Z] Checked if tokens are valid: true, expires at: 1743875695876
[debug] [2025-04-05T17:22:23.780Z] Checked if tokens are valid: true, expires at: 1743875695876
[debug] [2025-04-05T17:22:23.780Z] Checked if tokens are valid: true, expires at: 1743875695876
[debug] [2025-04-05T17:22:23.780Z] Checked if tokens are valid: true, expires at: 1743875695876
[info] i  functions: ensuring required API cloudbuild.googleapis.com is enabled... 
[debug] [2025-04-05T17:22:23.780Z] Checked if tokens are valid: true, expires at: 1743875695876
[debug] [2025-04-05T17:22:23.780Z] Checked if tokens are valid: true, expires at: 1743875695876
[info] i  artifactregistry: ensuring required API artifactregistry.googleapis.com is enabled... 
[debug] [2025-04-05T17:22:23.781Z] Checked if tokens are valid: true, expires at: 1743875695876
[debug] [2025-04-05T17:22:23.781Z] Checked if tokens are valid: true, expires at: 1743875695876
[debug] [2025-04-05T17:22:23.781Z] >>> [apiv2][query] GET https://serviceusage.googleapis.com/v1/projects/movies-455913/services/cloudfunctions.googleapis.com [none]
[debug] [2025-04-05T17:22:23.781Z] >>> [apiv2][(partial)header] GET https://serviceusage.googleapis.com/v1/projects/movies-455913/services/cloudfunctions.googleapis.com x-goog-quota-user=projects/movies-455913
[debug] [2025-04-05T17:22:23.782Z] >>> [apiv2][query] GET https://serviceusage.googleapis.com/v1/projects/movies-455913/services/runtimeconfig.googleapis.com [none]
[debug] [2025-04-05T17:22:23.782Z] >>> [apiv2][(partial)header] GET https://serviceusage.googleapis.com/v1/projects/movies-455913/services/runtimeconfig.googleapis.com x-goog-quota-user=projects/movies-455913
[debug] [2025-04-05T17:22:23.783Z] >>> [apiv2][query] GET https://serviceusage.googleapis.com/v1/projects/movies-455913/services/cloudbuild.googleapis.com [none]
[debug] [2025-04-05T17:22:23.783Z] >>> [apiv2][(partial)header] GET https://serviceusage.googleapis.com/v1/projects/movies-455913/services/cloudbuild.googleapis.com x-goog-quota-user=projects/movies-455913
[debug] [2025-04-05T17:22:23.784Z] >>> [apiv2][query] GET https://serviceusage.googleapis.com/v1/projects/movies-455913/services/artifactregistry.googleapis.com [none]
[debug] [2025-04-05T17:22:23.784Z] >>> [apiv2][(partial)header] GET https://serviceusage.googleapis.com/v1/projects/movies-455913/services/artifactregistry.googleapis.com x-goog-quota-user=projects/movies-455913
[debug] [2025-04-05T17:22:24.875Z] <<< [apiv2][status] GET https://serviceusage.googleapis.com/v1/projects/movies-455913/services/cloudbuild.googleapis.com 200
[debug] [2025-04-05T17:22:24.875Z] <<< [apiv2][body] GET https://serviceusage.googleapis.com/v1/projects/movies-455913/services/cloudbuild.googleapis.com [omitted]
[info] +  functions: required API cloudbuild.googleapis.com is enabled 
[debug] [2025-04-05T17:22:24.876Z] <<< [apiv2][status] GET https://serviceusage.googleapis.com/v1/projects/movies-455913/services/runtimeconfig.googleapis.com 200
[debug] [2025-04-05T17:22:24.876Z] <<< [apiv2][body] GET https://serviceusage.googleapis.com/v1/projects/movies-455913/services/runtimeconfig.googleapis.com [omitted]
[debug] [2025-04-05T17:22:24.878Z] <<< [apiv2][status] GET https://serviceusage.googleapis.com/v1/projects/movies-455913/services/artifactregistry.googleapis.com 200
[debug] [2025-04-05T17:22:24.878Z] <<< [apiv2][body] GET https://serviceusage.googleapis.com/v1/projects/movies-455913/services/artifactregistry.googleapis.com [omitted]
[info] +  artifactregistry: required API artifactregistry.googleapis.com is enabled 
[debug] [2025-04-05T17:22:24.880Z] <<< [apiv2][status] GET https://serviceusage.googleapis.com/v1/projects/movies-455913/services/cloudfunctions.googleapis.com 200
[debug] [2025-04-05T17:22:24.880Z] <<< [apiv2][body] GET https://serviceusage.googleapis.com/v1/projects/movies-455913/services/cloudfunctions.googleapis.com [omitted]
[info] +  functions: required API cloudfunctions.googleapis.com is enabled 
[debug] [2025-04-05T17:22:24.880Z] Checked if tokens are valid: true, expires at: 1743875695876
[debug] [2025-04-05T17:22:24.880Z] Checked if tokens are valid: true, expires at: 1743875695876
[debug] [2025-04-05T17:22:24.880Z] >>> [apiv2][query] GET https://firebase.googleapis.com/v1beta1/projects/movies-455913/adminSdkConfig [none]
[debug] [2025-04-05T17:22:25.233Z] <<< [apiv2][status] GET https://firebase.googleapis.com/v1beta1/projects/movies-455913/adminSdkConfig 200
[debug] [2025-04-05T17:22:25.233Z] <<< [apiv2][body] GET https://firebase.googleapis.com/v1beta1/projects/movies-455913/adminSdkConfig {"projectId":"movies-455913","storageBucket":"movies-455913.firebasestorage.app"}
[debug] [2025-04-05T17:22:25.234Z] Checked if tokens are valid: true, expires at: 1743875695876
[debug] [2025-04-05T17:22:25.234Z] Checked if tokens are valid: true, expires at: 1743875695876
[debug] [2025-04-05T17:22:25.234Z] >>> [apiv2][query] GET https://runtimeconfig.googleapis.com/v1beta1/projects/movies-455913/configs [none]
[debug] [2025-04-05T17:22:25.545Z] <<< [apiv2][status] GET https://runtimeconfig.googleapis.com/v1beta1/projects/movies-455913/configs 200
[debug] [2025-04-05T17:22:25.545Z] <<< [apiv2][body] GET https://runtimeconfig.googleapis.com/v1beta1/projects/movies-455913/configs {}
[debug] [2025-04-05T17:22:25.547Z] Customer code is not Node
[debug] [2025-04-05T17:22:25.548Z] Validating python source
[debug] [2025-04-05T17:22:25.548Z] Building python source
[info] i  functions: Loading and analyzing source code for codebase default to determine what to deploy 
[debug] [2025-04-05T17:22:25.550Z] Could not find functions.yaml. Must use http discovery
[debug] [2025-04-05T17:22:25.560Z] Running command with virtualenv: command="C:\Users\Administrator\PycharmProjects\CloudComputing HW3\functions\venv\Scripts\activate.bat", args=["","&&","python.exe","-c","\"import firebase_functions; import os; print(os.path.dirname(firebase_functions.__file__))\""]
[debug] [2025-04-05T17:22:25.579Z] stderr: The system cannot find the path specified.

[debug] [2025-04-05T17:22:25.728Z] Error: spawn "C:\Users\Administrator\PycharmProjects\CloudComputing HW3\functions\venv\Scripts\activate.bat" ENOENT
    at notFoundError (C:\Users\Administrator\AppData\Roaming\npm\node_modules\firebase-tools\node_modules\cross-spawn\lib\enoent.js:6:26)
    at verifyENOENT (C:\Users\Administrator\AppData\Roaming\npm\node_modules\firebase-tools\node_modules\cross-spawn\lib\enoent.js:40:16)
    at cp.emit (C:\Users\Administrator\AppData\Roaming\npm\node_modules\firebase-tools\node_modules\cross-spawn\lib\enoent.js:27:25)
    at ChildProcess._handle.onexit (node:internal/child_process:292:12)
[error] 
[error] Error: An unexpected error has occurred.
