[debug] [2025-04-05T17:13:18.074Z] ----------------------------------------------------------------------
[debug] [2025-04-05T17:13:18.075Z] Command:       C:\Program Files\nodejs\node.exe C:\Users\Administrator\AppData\Roaming\npm\node_modules\firebase-tools\lib\bin\firebase.js deploy
[debug] [2025-04-05T17:13:18.076Z] CLI Version:   13.35.1
[debug] [2025-04-05T17:13:18.076Z] Platform:      win32
[debug] [2025-04-05T17:13:18.076Z] Node Version:  v18.20.7
[debug] [2025-04-05T17:13:18.077Z] Time:          Sat Apr 05 2025 20:13:18 GMT+0300 (Eastern European Summer Time)
[debug] [2025-04-05T17:13:18.077Z] ----------------------------------------------------------------------
[debug] 
[debug] [2025-04-05T17:13:18.222Z] > command requires scopes: ["email","openid","https://www.googleapis.com/auth/cloudplatformprojects.readonly","https://www.googleapis.com/auth/firebase","https://www.googleapis.com/auth/cloud-platform"]
[debug] [2025-04-05T17:13:18.223Z] > authorizing via signed-in user (enachesamira1@gmail.com)
[debug] [2025-04-05T17:13:18.223Z] [iam] checking project movies-455913 for permissions ["cloudfunctions.functions.create","cloudfunctions.functions.delete","cloudfunctions.functions.get","cloudfunctions.functions.list","cloudfunctions.functions.update","cloudfunctions.operations.get","firebase.projects.get","firebasehosting.sites.update"]
[debug] [2025-04-05T17:13:18.224Z] Checked if tokens are valid: true, expires at: 1743875695876
[debug] [2025-04-05T17:13:18.224Z] Checked if tokens are valid: true, expires at: 1743875695876
[debug] [2025-04-05T17:13:18.225Z] >>> [apiv2][query] POST https://cloudresourcemanager.googleapis.com/v1/projects/movies-455913:testIamPermissions [none]
[debug] [2025-04-05T17:13:18.225Z] >>> [apiv2][(partial)header] POST https://cloudresourcemanager.googleapis.com/v1/projects/movies-455913:testIamPermissions x-goog-quota-user=projects/movies-455913
[debug] [2025-04-05T17:13:18.225Z] >>> [apiv2][body] POST https://cloudresourcemanager.googleapis.com/v1/projects/movies-455913:testIamPermissions {"permissions":["cloudfunctions.functions.create","cloudfunctions.functions.delete","cloudfunctions.functions.get","cloudfunctions.functions.list","cloudfunctions.functions.update","cloudfunctions.operations.get","firebase.projects.get","firebasehosting.sites.update"]}
[debug] [2025-04-05T17:13:19.145Z] <<< [apiv2][status] POST https://cloudresourcemanager.googleapis.com/v1/projects/movies-455913:testIamPermissions 200
[debug] [2025-04-05T17:13:19.145Z] <<< [apiv2][body] POST https://cloudresourcemanager.googleapis.com/v1/projects/movies-455913:testIamPermissions {"permissions":["cloudfunctions.functions.create","cloudfunctions.functions.delete","cloudfunctions.functions.get","cloudfunctions.functions.list","cloudfunctions.functions.update","cloudfunctions.operations.get","firebase.projects.get","firebasehosting.sites.update"]}
[debug] [2025-04-05T17:13:19.146Z] Checked if tokens are valid: true, expires at: 1743875695876
[debug] [2025-04-05T17:13:19.146Z] Checked if tokens are valid: true, expires at: 1743875695876
[debug] [2025-04-05T17:13:19.146Z] >>> [apiv2][query] POST https://iam.googleapis.com/v1/projects/movies-455913/serviceAccounts/movies-455913@appspot.gserviceaccount.com:testIamPermissions [none]
[debug] [2025-04-05T17:13:19.146Z] >>> [apiv2][body] POST https://iam.googleapis.com/v1/projects/movies-455913/serviceAccounts/movies-455913@appspot.gserviceaccount.com:testIamPermissions {"permissions":["iam.serviceAccounts.actAs"]}
[debug] [2025-04-05T17:13:19.500Z] <<< [apiv2][status] POST https://iam.googleapis.com/v1/projects/movies-455913/serviceAccounts/movies-455913@appspot.gserviceaccount.com:testIamPermissions 200
[debug] [2025-04-05T17:13:19.500Z] <<< [apiv2][body] POST https://iam.googleapis.com/v1/projects/movies-455913/serviceAccounts/movies-455913@appspot.gserviceaccount.com:testIamPermissions {"permissions":["iam.serviceAccounts.actAs"]}
[debug] [2025-04-05T17:13:19.501Z] Checked if tokens are valid: true, expires at: 1743875695876
[debug] [2025-04-05T17:13:19.501Z] Checked if tokens are valid: true, expires at: 1743875695876
[debug] [2025-04-05T17:13:19.503Z] >>> [apiv2][query] GET https://firebase.googleapis.com/v1beta1/projects/movies-455913 [none]
[debug] [2025-04-05T17:13:19.886Z] <<< [apiv2][status] GET https://firebase.googleapis.com/v1beta1/projects/movies-455913 200
[debug] [2025-04-05T17:13:19.886Z] <<< [apiv2][body] GET https://firebase.googleapis.com/v1beta1/projects/movies-455913 {"projectId":"movies-455913","projectNumber":"969193594135","displayName":"Movies","name":"projects/movies-455913","resources":{"hostingSite":"movies-455913"},"state":"ACTIVE","etag":"1_a47ca259-baad-40dc-95b2-ef66c33852b1"}
[info] 
[info] === Deploying to 'movies-455913'...
[info] 
[info] i  deploying functions, hosting 
[debug] [2025-04-05T17:13:19.893Z] Checked if tokens are valid: true, expires at: 1743875695876
[debug] [2025-04-05T17:13:19.894Z] Checked if tokens are valid: true, expires at: 1743875695876
[debug] [2025-04-05T17:13:19.894Z] >>> [apiv2][query] GET https://cloudresourcemanager.googleapis.com/v1/projects/movies-455913 [none]
[debug] [2025-04-05T17:13:20.797Z] <<< [apiv2][status] GET https://cloudresourcemanager.googleapis.com/v1/projects/movies-455913 200
[debug] [2025-04-05T17:13:20.798Z] <<< [apiv2][body] GET https://cloudresourcemanager.googleapis.com/v1/projects/movies-455913 {"projectNumber":"969193594135","projectId":"movies-455913","lifecycleState":"ACTIVE","name":"Movies","labels":{"firebase":"enabled","firebase-core":"disabled"},"createTime":"2025-04-05T13:10:45.120197Z"}
[info] i  functions: preparing codebase default for deployment 
[info] i  functions: ensuring required API cloudfunctions.googleapis.com is enabled... 
[debug] [2025-04-05T17:13:20.801Z] Checked if tokens are valid: true, expires at: 1743875695876
[debug] [2025-04-05T17:13:20.801Z] Checked if tokens are valid: true, expires at: 1743875695876
[debug] [2025-04-05T17:13:20.802Z] Checked if tokens are valid: true, expires at: 1743875695876
[debug] [2025-04-05T17:13:20.802Z] Checked if tokens are valid: true, expires at: 1743875695876
[info] i  functions: ensuring required API cloudbuild.googleapis.com is enabled... 
[debug] [2025-04-05T17:13:20.803Z] Checked if tokens are valid: true, expires at: 1743875695876
[debug] [2025-04-05T17:13:20.803Z] Checked if tokens are valid: true, expires at: 1743875695876
[info] i  artifactregistry: ensuring required API artifactregistry.googleapis.com is enabled... 
[debug] [2025-04-05T17:13:20.804Z] Checked if tokens are valid: true, expires at: 1743875695876
[debug] [2025-04-05T17:13:20.804Z] Checked if tokens are valid: true, expires at: 1743875695876
[debug] [2025-04-05T17:13:20.804Z] >>> [apiv2][query] GET https://serviceusage.googleapis.com/v1/projects/movies-455913/services/cloudfunctions.googleapis.com [none]
[debug] [2025-04-05T17:13:20.804Z] >>> [apiv2][(partial)header] GET https://serviceusage.googleapis.com/v1/projects/movies-455913/services/cloudfunctions.googleapis.com x-goog-quota-user=projects/movies-455913
[debug] [2025-04-05T17:13:20.807Z] >>> [apiv2][query] GET https://serviceusage.googleapis.com/v1/projects/movies-455913/services/runtimeconfig.googleapis.com [none]
[debug] [2025-04-05T17:13:20.807Z] >>> [apiv2][(partial)header] GET https://serviceusage.googleapis.com/v1/projects/movies-455913/services/runtimeconfig.googleapis.com x-goog-quota-user=projects/movies-455913
[debug] [2025-04-05T17:13:20.808Z] >>> [apiv2][query] GET https://serviceusage.googleapis.com/v1/projects/movies-455913/services/cloudbuild.googleapis.com [none]
[debug] [2025-04-05T17:13:20.808Z] >>> [apiv2][(partial)header] GET https://serviceusage.googleapis.com/v1/projects/movies-455913/services/cloudbuild.googleapis.com x-goog-quota-user=projects/movies-455913
[debug] [2025-04-05T17:13:20.809Z] >>> [apiv2][query] GET https://serviceusage.googleapis.com/v1/projects/movies-455913/services/artifactregistry.googleapis.com [none]
[debug] [2025-04-05T17:13:20.809Z] >>> [apiv2][(partial)header] GET https://serviceusage.googleapis.com/v1/projects/movies-455913/services/artifactregistry.googleapis.com x-goog-quota-user=projects/movies-455913
[debug] [2025-04-05T17:13:21.806Z] <<< [apiv2][status] GET https://serviceusage.googleapis.com/v1/projects/movies-455913/services/cloudbuild.googleapis.com 200
[debug] [2025-04-05T17:13:21.806Z] <<< [apiv2][body] GET https://serviceusage.googleapis.com/v1/projects/movies-455913/services/cloudbuild.googleapis.com [omitted]
[warn] !  functions: missing required API cloudbuild.googleapis.com. Enabling now... 
[debug] [2025-04-05T17:13:21.806Z] Checked if tokens are valid: true, expires at: 1743875695876
[debug] [2025-04-05T17:13:21.806Z] Checked if tokens are valid: true, expires at: 1743875695876
[debug] [2025-04-05T17:13:21.806Z] >>> [apiv2][query] POST https://serviceusage.googleapis.com/v1/projects/movies-455913/services/cloudbuild.googleapis.com:enable [none]
[debug] [2025-04-05T17:13:21.807Z] >>> [apiv2][(partial)header] POST https://serviceusage.googleapis.com/v1/projects/movies-455913/services/cloudbuild.googleapis.com:enable x-goog-quota-user=projects/movies-455913
[debug] [2025-04-05T17:13:21.813Z] <<< [apiv2][status] GET https://serviceusage.googleapis.com/v1/projects/movies-455913/services/runtimeconfig.googleapis.com 200
[debug] [2025-04-05T17:13:21.813Z] <<< [apiv2][body] GET https://serviceusage.googleapis.com/v1/projects/movies-455913/services/runtimeconfig.googleapis.com [omitted]
[debug] [2025-04-05T17:13:21.828Z] <<< [apiv2][status] GET https://serviceusage.googleapis.com/v1/projects/movies-455913/services/cloudfunctions.googleapis.com 200
[debug] [2025-04-05T17:13:21.828Z] <<< [apiv2][body] GET https://serviceusage.googleapis.com/v1/projects/movies-455913/services/cloudfunctions.googleapis.com [omitted]
[info] +  functions: required API cloudfunctions.googleapis.com is enabled 
[debug] [2025-04-05T17:13:21.846Z] <<< [apiv2][status] GET https://serviceusage.googleapis.com/v1/projects/movies-455913/services/artifactregistry.googleapis.com 200
[debug] [2025-04-05T17:13:21.846Z] <<< [apiv2][body] GET https://serviceusage.googleapis.com/v1/projects/movies-455913/services/artifactregistry.googleapis.com [omitted]
[warn] !  artifactregistry: missing required API artifactregistry.googleapis.com. Enabling now... 
[debug] [2025-04-05T17:13:21.847Z] Checked if tokens are valid: true, expires at: 1743875695876
[debug] [2025-04-05T17:13:21.847Z] Checked if tokens are valid: true, expires at: 1743875695876
[debug] [2025-04-05T17:13:21.847Z] >>> [apiv2][query] POST https://serviceusage.googleapis.com/v1/projects/movies-455913/services/artifactregistry.googleapis.com:enable [none]
[debug] [2025-04-05T17:13:21.847Z] >>> [apiv2][(partial)header] POST https://serviceusage.googleapis.com/v1/projects/movies-455913/services/artifactregistry.googleapis.com:enable x-goog-quota-user=projects/movies-455913
[debug] [2025-04-05T17:13:23.154Z] <<< [apiv2][status] POST https://serviceusage.googleapis.com/v1/projects/movies-455913/services/cloudbuild.googleapis.com:enable 200
[debug] [2025-04-05T17:13:23.155Z] <<< [apiv2][body] POST https://serviceusage.googleapis.com/v1/projects/movies-455913/services/cloudbuild.googleapis.com:enable [omitted]
[debug] [2025-04-05T17:13:23.177Z] <<< [apiv2][status] POST https://serviceusage.googleapis.com/v1/projects/movies-455913/services/artifactregistry.googleapis.com:enable 200
[debug] [2025-04-05T17:13:23.178Z] <<< [apiv2][body] POST https://serviceusage.googleapis.com/v1/projects/movies-455913/services/artifactregistry.googleapis.com:enable [omitted]
[debug] [2025-04-05T17:13:33.157Z] Checked if tokens are valid: true, expires at: 1743875695876
[debug] [2025-04-05T17:13:33.158Z] Checked if tokens are valid: true, expires at: 1743875695876
[debug] [2025-04-05T17:13:33.159Z] >>> [apiv2][query] GET https://serviceusage.googleapis.com/v1/projects/movies-455913/services/cloudbuild.googleapis.com [none]
[debug] [2025-04-05T17:13:33.159Z] >>> [apiv2][(partial)header] GET https://serviceusage.googleapis.com/v1/projects/movies-455913/services/cloudbuild.googleapis.com x-goog-quota-user=projects/movies-455913
[debug] [2025-04-05T17:13:33.179Z] Checked if tokens are valid: true, expires at: 1743875695876
[debug] [2025-04-05T17:13:33.179Z] Checked if tokens are valid: true, expires at: 1743875695876
[debug] [2025-04-05T17:13:33.179Z] >>> [apiv2][query] GET https://serviceusage.googleapis.com/v1/projects/movies-455913/services/artifactregistry.googleapis.com [none]
[debug] [2025-04-05T17:13:33.180Z] >>> [apiv2][(partial)header] GET https://serviceusage.googleapis.com/v1/projects/movies-455913/services/artifactregistry.googleapis.com x-goog-quota-user=projects/movies-455913
[debug] [2025-04-05T17:13:34.196Z] <<< [apiv2][status] GET https://serviceusage.googleapis.com/v1/projects/movies-455913/services/cloudbuild.googleapis.com 200
[debug] [2025-04-05T17:13:34.196Z] <<< [apiv2][body] GET https://serviceusage.googleapis.com/v1/projects/movies-455913/services/cloudbuild.googleapis.com [omitted]
[info] +  functions: required API cloudbuild.googleapis.com is enabled 
[debug] [2025-04-05T17:13:34.210Z] <<< [apiv2][status] GET https://serviceusage.googleapis.com/v1/projects/movies-455913/services/artifactregistry.googleapis.com 200
[debug] [2025-04-05T17:13:34.211Z] <<< [apiv2][body] GET https://serviceusage.googleapis.com/v1/projects/movies-455913/services/artifactregistry.googleapis.com [omitted]
[info] +  artifactregistry: required API artifactregistry.googleapis.com is enabled 
[debug] [2025-04-05T17:13:34.214Z] Checked if tokens are valid: true, expires at: 1743875695876
[debug] [2025-04-05T17:13:34.214Z] Checked if tokens are valid: true, expires at: 1743875695876
[debug] [2025-04-05T17:13:34.214Z] >>> [apiv2][query] GET https://firebase.googleapis.com/v1beta1/projects/movies-455913/adminSdkConfig [none]
[debug] [2025-04-05T17:13:34.572Z] <<< [apiv2][status] GET https://firebase.googleapis.com/v1beta1/projects/movies-455913/adminSdkConfig 200
[debug] [2025-04-05T17:13:34.572Z] <<< [apiv2][body] GET https://firebase.googleapis.com/v1beta1/projects/movies-455913/adminSdkConfig {"projectId":"movies-455913","storageBucket":"movies-455913.firebasestorage.app"}
[debug] [2025-04-05T17:13:34.573Z] Checked if tokens are valid: true, expires at: 1743875695876
[debug] [2025-04-05T17:13:34.573Z] Checked if tokens are valid: true, expires at: 1743875695876
[debug] [2025-04-05T17:13:34.573Z] >>> [apiv2][query] GET https://runtimeconfig.googleapis.com/v1beta1/projects/movies-455913/configs [none]
[debug] [2025-04-05T17:13:35.018Z] <<< [apiv2][status] GET https://runtimeconfig.googleapis.com/v1beta1/projects/movies-455913/configs 200
[debug] [2025-04-05T17:13:35.018Z] <<< [apiv2][body] GET https://runtimeconfig.googleapis.com/v1beta1/projects/movies-455913/configs {}
[debug] [2025-04-05T17:13:35.020Z] Customer code is not Node
[debug] [2025-04-05T17:13:35.022Z] Validating python source
[debug] [2025-04-05T17:13:35.022Z] Building python source
[info] i  functions: Loading and analyzing source code for codebase default to determine what to deploy 
[debug] [2025-04-05T17:13:35.024Z] Could not find functions.yaml. Must use http discovery
[debug] [2025-04-05T17:13:35.042Z] Running command with virtualenv: command="C:\Users\Administrator\PycharmProjects\CloudComputing HW3\functions\venv\Scripts\activate.bat", args=["","&&","python.exe","-c","\"import firebase_functions; import os; print(os.path.dirname(firebase_functions.__file__))\""]
[debug] [2025-04-05T17:13:35.215Z] stderr: Traceback (most recent call last):
  File "<string>", line 1, in <module>
ModuleNotFoundError: No module named 'firebase_functions'

[debug] [2025-04-05T17:13:35.365Z] Error: spawn "C:\Users\Administrator\PycharmProjects\CloudComputing HW3\functions\venv\Scripts\activate.bat" ENOENT
    at notFoundError (C:\Users\Administrator\AppData\Roaming\npm\node_modules\firebase-tools\node_modules\cross-spawn\lib\enoent.js:6:26)
    at verifyENOENT (C:\Users\Administrator\AppData\Roaming\npm\node_modules\firebase-tools\node_modules\cross-spawn\lib\enoent.js:40:16)
    at cp.emit (C:\Users\Administrator\AppData\Roaming\npm\node_modules\firebase-tools\node_modules\cross-spawn\lib\enoent.js:27:25)
    at ChildProcess._handle.onexit (node:internal/child_process:292:12)
[error] 
[error] Error: An unexpected error has occurred.
[debug] [2025-04-05T17:15:45.202Z] ----------------------------------------------------------------------
[debug] [2025-04-05T17:15:45.203Z] Command:       C:\Program Files\nodejs\node.exe C:\Users\Administrator\AppData\Roaming\npm\node_modules\firebase-tools\lib\bin\firebase.js deploy --only functions --debug
[debug] [2025-04-05T17:15:45.204Z] CLI Version:   13.35.1
[debug] [2025-04-05T17:15:45.204Z] Platform:      win32
[debug] [2025-04-05T17:15:45.204Z] Node Version:  v18.20.7
[debug] [2025-04-05T17:15:45.205Z] Time:          Sat Apr 05 2025 20:15:45 GMT+0300 (Eastern European Summer Time)
[debug] [2025-04-05T17:15:45.205Z] ----------------------------------------------------------------------
[debug] 
[debug] [2025-04-05T17:15:45.354Z] > command requires scopes: ["email","openid","https://www.googleapis.com/auth/cloudplatformprojects.readonly","https://www.googleapis.com/auth/firebase","https://www.googleapis.com/auth/cloud-platform"]
[debug] [2025-04-05T17:15:45.356Z] > authorizing via signed-in user (enachesamira1@gmail.com)
[debug] [2025-04-05T17:15:45.356Z] [iam] checking project movies-455913 for permissions ["cloudfunctions.functions.create","cloudfunctions.functions.delete","cloudfunctions.functions.get","cloudfunctions.functions.list","cloudfunctions.functions.update","cloudfunctions.operations.get","firebase.projects.get"]
[debug] [2025-04-05T17:15:45.357Z] Checked if tokens are valid: true, expires at: 1743875695876
[debug] [2025-04-05T17:15:45.358Z] Checked if tokens are valid: true, expires at: 1743875695876
[debug] [2025-04-05T17:15:45.359Z] >>> [apiv2][query] POST https://cloudresourcemanager.googleapis.com/v1/projects/movies-455913:testIamPermissions [none]
[debug] [2025-04-05T17:15:45.359Z] >>> [apiv2][(partial)header] POST https://cloudresourcemanager.googleapis.com/v1/projects/movies-455913:testIamPermissions x-goog-quota-user=projects/movies-455913
[debug] [2025-04-05T17:15:45.359Z] >>> [apiv2][body] POST https://cloudresourcemanager.googleapis.com/v1/projects/movies-455913:testIamPermissions {"permissions":["cloudfunctions.functions.create","cloudfunctions.functions.delete","cloudfunctions.functions.get","cloudfunctions.functions.list","cloudfunctions.functions.update","cloudfunctions.operations.get","firebase.projects.get"]}
[debug] [2025-04-05T17:15:46.263Z] <<< [apiv2][status] POST https://cloudresourcemanager.googleapis.com/v1/projects/movies-455913:testIamPermissions 200
[debug] [2025-04-05T17:15:46.264Z] <<< [apiv2][body] POST https://cloudresourcemanager.googleapis.com/v1/projects/movies-455913:testIamPermissions {"permissions":["cloudfunctions.functions.create","cloudfunctions.functions.delete","cloudfunctions.functions.get","cloudfunctions.functions.list","cloudfunctions.functions.update","cloudfunctions.operations.get","firebase.projects.get"]}
[debug] [2025-04-05T17:15:46.265Z] Checked if tokens are valid: true, expires at: 1743875695876
[debug] [2025-04-05T17:15:46.265Z] Checked if tokens are valid: true, expires at: 1743875695876
[debug] [2025-04-05T17:15:46.266Z] >>> [apiv2][query] POST https://iam.googleapis.com/v1/projects/movies-455913/serviceAccounts/movies-455913@appspot.gserviceaccount.com:testIamPermissions [none]
[debug] [2025-04-05T17:15:46.266Z] >>> [apiv2][body] POST https://iam.googleapis.com/v1/projects/movies-455913/serviceAccounts/movies-455913@appspot.gserviceaccount.com:testIamPermissions {"permissions":["iam.serviceAccounts.actAs"]}
[debug] [2025-04-05T17:15:47.119Z] <<< [apiv2][status] POST https://iam.googleapis.com/v1/projects/movies-455913/serviceAccounts/movies-455913@appspot.gserviceaccount.com:testIamPermissions 200
[debug] [2025-04-05T17:15:47.120Z] <<< [apiv2][body] POST https://iam.googleapis.com/v1/projects/movies-455913/serviceAccounts/movies-455913@appspot.gserviceaccount.com:testIamPermissions {"permissions":["iam.serviceAccounts.actAs"]}
[info] 
[info] === Deploying to 'movies-455913'...
[info] 
[info] i  deploying functions 
[debug] [2025-04-05T17:15:47.127Z] Checked if tokens are valid: true, expires at: 1743875695876
[debug] [2025-04-05T17:15:47.128Z] Checked if tokens are valid: true, expires at: 1743875695876
[debug] [2025-04-05T17:15:47.129Z] >>> [apiv2][query] GET https://cloudresourcemanager.googleapis.com/v1/projects/movies-455913 [none]
[debug] [2025-04-05T17:15:48.001Z] <<< [apiv2][status] GET https://cloudresourcemanager.googleapis.com/v1/projects/movies-455913 200
[debug] [2025-04-05T17:15:48.001Z] <<< [apiv2][body] GET https://cloudresourcemanager.googleapis.com/v1/projects/movies-455913 {"projectNumber":"969193594135","projectId":"movies-455913","lifecycleState":"ACTIVE","name":"Movies","labels":{"firebase":"enabled","firebase-core":"disabled"},"createTime":"2025-04-05T13:10:45.120197Z"}
[info] i  functions: preparing codebase default for deployment 
[info] i  functions: ensuring required API cloudfunctions.googleapis.com is enabled... 
[debug] [2025-04-05T17:15:48.003Z] Checked if tokens are valid: true, expires at: 1743875695876
[debug] [2025-04-05T17:15:48.003Z] Checked if tokens are valid: true, expires at: 1743875695876
[debug] [2025-04-05T17:15:48.004Z] Checked if tokens are valid: true, expires at: 1743875695876
[debug] [2025-04-05T17:15:48.004Z] Checked if tokens are valid: true, expires at: 1743875695876
[info] i  functions: ensuring required API cloudbuild.googleapis.com is enabled... 
[debug] [2025-04-05T17:15:48.005Z] Checked if tokens are valid: true, expires at: 1743875695876
[debug] [2025-04-05T17:15:48.005Z] Checked if tokens are valid: true, expires at: 1743875695876
[info] i  artifactregistry: ensuring required API artifactregistry.googleapis.com is enabled... 
[debug] [2025-04-05T17:15:48.006Z] Checked if tokens are valid: true, expires at: 1743875695876
[debug] [2025-04-05T17:15:48.006Z] Checked if tokens are valid: true, expires at: 1743875695876
[debug] [2025-04-05T17:15:48.007Z] >>> [apiv2][query] GET https://serviceusage.googleapis.com/v1/projects/movies-455913/services/cloudfunctions.googleapis.com [none]
[debug] [2025-04-05T17:15:48.008Z] >>> [apiv2][(partial)header] GET https://serviceusage.googleapis.com/v1/projects/movies-455913/services/cloudfunctions.googleapis.com x-goog-quota-user=projects/movies-455913
[debug] [2025-04-05T17:15:48.009Z] >>> [apiv2][query] GET https://serviceusage.googleapis.com/v1/projects/movies-455913/services/runtimeconfig.googleapis.com [none]
[debug] [2025-04-05T17:15:48.009Z] >>> [apiv2][(partial)header] GET https://serviceusage.googleapis.com/v1/projects/movies-455913/services/runtimeconfig.googleapis.com x-goog-quota-user=projects/movies-455913
[debug] [2025-04-05T17:15:48.010Z] >>> [apiv2][query] GET https://serviceusage.googleapis.com/v1/projects/movies-455913/services/cloudbuild.googleapis.com [none]
[debug] [2025-04-05T17:15:48.011Z] >>> [apiv2][(partial)header] GET https://serviceusage.googleapis.com/v1/projects/movies-455913/services/cloudbuild.googleapis.com x-goog-quota-user=projects/movies-455913
[debug] [2025-04-05T17:15:48.012Z] >>> [apiv2][query] GET https://serviceusage.googleapis.com/v1/projects/movies-455913/services/artifactregistry.googleapis.com [none]
[debug] [2025-04-05T17:15:48.012Z] >>> [apiv2][(partial)header] GET https://serviceusage.googleapis.com/v1/projects/movies-455913/services/artifactregistry.googleapis.com x-goog-quota-user=projects/movies-455913
[debug] [2025-04-05T17:15:49.085Z] <<< [apiv2][status] GET https://serviceusage.googleapis.com/v1/projects/movies-455913/services/runtimeconfig.googleapis.com 200
[debug] [2025-04-05T17:15:49.086Z] <<< [apiv2][body] GET https://serviceusage.googleapis.com/v1/projects/movies-455913/services/runtimeconfig.googleapis.com [omitted]
[debug] [2025-04-05T17:15:49.091Z] <<< [apiv2][status] GET https://serviceusage.googleapis.com/v1/projects/movies-455913/services/cloudfunctions.googleapis.com 200
[debug] [2025-04-05T17:15:49.091Z] <<< [apiv2][body] GET https://serviceusage.googleapis.com/v1/projects/movies-455913/services/cloudfunctions.googleapis.com [omitted]
[info] +  functions: required API cloudfunctions.googleapis.com is enabled 
[debug] [2025-04-05T17:15:49.094Z] <<< [apiv2][status] GET https://serviceusage.googleapis.com/v1/projects/movies-455913/services/cloudbuild.googleapis.com 200
[debug] [2025-04-05T17:15:49.094Z] <<< [apiv2][body] GET https://serviceusage.googleapis.com/v1/projects/movies-455913/services/cloudbuild.googleapis.com [omitted]
[info] +  functions: required API cloudbuild.googleapis.com is enabled 
[debug] [2025-04-05T17:15:49.095Z] <<< [apiv2][status] GET https://serviceusage.googleapis.com/v1/projects/movies-455913/services/artifactregistry.googleapis.com 200
[debug] [2025-04-05T17:15:49.095Z] <<< [apiv2][body] GET https://serviceusage.googleapis.com/v1/projects/movies-455913/services/artifactregistry.googleapis.com [omitted]
[info] +  artifactregistry: required API artifactregistry.googleapis.com is enabled 
[debug] [2025-04-05T17:15:49.096Z] Checked if tokens are valid: true, expires at: 1743875695876
[debug] [2025-04-05T17:15:49.096Z] Checked if tokens are valid: true, expires at: 1743875695876
[debug] [2025-04-05T17:15:49.096Z] >>> [apiv2][query] GET https://firebase.googleapis.com/v1beta1/projects/movies-455913/adminSdkConfig [none]
[debug] [2025-04-05T17:15:49.450Z] <<< [apiv2][status] GET https://firebase.googleapis.com/v1beta1/projects/movies-455913/adminSdkConfig 200
[debug] [2025-04-05T17:15:49.451Z] <<< [apiv2][body] GET https://firebase.googleapis.com/v1beta1/projects/movies-455913/adminSdkConfig {"projectId":"movies-455913","storageBucket":"movies-455913.firebasestorage.app"}
[debug] [2025-04-05T17:15:49.459Z] Checked if tokens are valid: true, expires at: 1743875695876
[debug] [2025-04-05T17:15:49.460Z] Checked if tokens are valid: true, expires at: 1743875695876
[debug] [2025-04-05T17:15:49.460Z] >>> [apiv2][query] GET https://runtimeconfig.googleapis.com/v1beta1/projects/movies-455913/configs [none]
[debug] [2025-04-05T17:15:49.818Z] <<< [apiv2][status] GET https://runtimeconfig.googleapis.com/v1beta1/projects/movies-455913/configs 200
[debug] [2025-04-05T17:15:49.818Z] <<< [apiv2][body] GET https://runtimeconfig.googleapis.com/v1beta1/projects/movies-455913/configs {}
[debug] [2025-04-05T17:15:49.820Z] Customer code is not Node
[debug] [2025-04-05T17:15:49.821Z] Validating python source
[debug] [2025-04-05T17:15:49.822Z] Building python source
[info] i  functions: Loading and analyzing source code for codebase default to determine what to deploy 
[debug] [2025-04-05T17:15:49.824Z] Could not find functions.yaml. Must use http discovery
[debug] [2025-04-05T17:15:49.830Z] Running command with virtualenv: command="C:\Users\Administrator\PycharmProjects\CloudComputing HW3\functions\venv\Scripts\activate.bat", args=["","&&","python.exe","-c","\"import firebase_functions; import os; print(os.path.dirname(firebase_functions.__file__))\""]
[debug] [2025-04-05T17:15:49.938Z] stderr: Traceback (most recent call last):
  File "<string>", line 1, in <module>
ModuleNotFoundError: No module named 'firebase_functions'

[debug] [2025-04-05T17:15:50.099Z] Error: spawn "C:\Users\Administrator\PycharmProjects\CloudComputing HW3\functions\venv\Scripts\activate.bat" ENOENT
    at notFoundError (C:\Users\Administrator\AppData\Roaming\npm\node_modules\firebase-tools\node_modules\cross-spawn\lib\enoent.js:6:26)
    at verifyENOENT (C:\Users\Administrator\AppData\Roaming\npm\node_modules\firebase-tools\node_modules\cross-spawn\lib\enoent.js:40:16)
    at cp.emit (C:\Users\Administrator\AppData\Roaming\npm\node_modules\firebase-tools\node_modules\cross-spawn\lib\enoent.js:27:25)
    at ChildProcess._handle.onexit (node:internal/child_process:292:12)
[error] 
[error] Error: An unexpected error has occurred.
